<?xml version="1.0" encoding="UTF-8"?>
<Site BuildName="Linux-c++"
	BuildStamp="20250209-1443-Experimental"
	Name="fedora"
	Generator="ctest-3.31.1"
	CompilerName="/usr/bin/c++"
	CompilerVersion="14.2.1"
	OSName="Linux"
	Hostname="fedora"
	OSRelease="6.12.12-200.fc41.x86_64"
	OSVersion="#1 SMP PREEMPT_DYNAMIC Sat Feb  1 19:02:08 UTC 2025"
	OSPlatform="x86_64"
	Is64Bits="1"
	VendorString="AuthenticAMD"
	VendorID="Advanced Micro Devices"
	FamilyID="25"
	ModelID="33"
	ModelName="AMD Ryzen 7 5800X 8-Core Processor"
	ProcessorCacheSize="512"
	NumberOfLogicalCPU="16"
	NumberOfPhysicalCPU="8"
	TotalVirtualMemory="8191"
	TotalPhysicalMemory="31992"
	LogicalProcessorsPerPhysical="2"
	ProcessorClockFrequency="4167.23"
	>
	<Testing>
		<StartDateTime>Feb 09 10:09 CST</StartDateTime>
		<StartTestTime>1739117393</StartTestTime>
		<TestList/>
		<EndDateTime>Feb 09 10:09 CST</EndDateTime>
		<EndTestTime>1739117393</EndTestTime>
		<ElapsedMinutes>0</ElapsedMinutes>
	</Testing>
</Site>
